\BOOKMARK [0][-]{chapter.1}{Pantalla Principal}{}% 1
\BOOKMARK [1][-]{section.1.1}{Gesti\363n de Usuarios}{chapter.1}% 2
\BOOKMARK [1][-]{section.1.2}{Gesti\363n de Medicamentos}{chapter.1}% 3
\BOOKMARK [1][-]{section.1.3}{Gesti\363n de Organizaciones}{chapter.1}% 4
\BOOKMARK [1][-]{section.1.4}{Gesti\363n de Pedidos}{chapter.1}% 5
\BOOKMARK [0][-]{chapter.2}{Usuarios}{}% 6
\BOOKMARK [1][-]{section.2.1}{Entrar al sistema}{chapter.2}% 7
\BOOKMARK [1][-]{section.2.2}{Agregar Usuario}{chapter.2}% 8
\BOOKMARK [1][-]{section.2.3}{Cerrar Sesi\363n}{chapter.2}% 9
\BOOKMARK [0][-]{chapter.3}{Medicamentos}{}% 10
\BOOKMARK [1][-]{section.3.1}{Medicamentos}{chapter.3}% 11
\BOOKMARK [1][-]{section.3.2}{Monodrogas}{chapter.3}% 12
\BOOKMARK [1][-]{section.3.3}{Presentaciones}{chapter.3}% 13
\BOOKMARK [1][-]{section.3.4}{Nombres Fantasia}{chapter.3}% 14
\BOOKMARK [0][-]{chapter.4}{Organizaciones}{}% 15
\BOOKMARK [1][-]{section.4.1}{Farmacias}{chapter.4}% 16
\BOOKMARK [1][-]{section.4.2}{Cl\355nicas}{chapter.4}% 17
\BOOKMARK [1][-]{section.4.3}{Laboratorios}{chapter.4}% 18
\BOOKMARK [0][-]{chapter.5}{Pedidos}{}% 19
\BOOKMARK [1][-]{section.5.1}{Pedidos de Farmacia}{chapter.5}% 20
\BOOKMARK [1][-]{section.5.2}{Pedidos de Cl\355nica}{chapter.5}% 21
\BOOKMARK [1][-]{section.5.3}{Pedidos a Laboratorio}{chapter.5}% 22
\BOOKMARK [1][-]{section.5.4}{Recepcion de Pedidos de Laboratorio}{chapter.5}% 23
\BOOKMARK [1][-]{section.5.5}{Registrar Devoluci\363n de Medicamentos Vencidos}{chapter.5}% 24
